#
# There is insufficient memory for the Java Runtime Environment to continue.
# Native memory allocation (malloc) failed to allocate 131088 bytes for Chunk::new
# Possible reasons:
#   The system is out of physical RAM or swap space
#   The process is running with CompressedOops enabled, and the Java Heap may be blocking the growth of the native heap
# Possible solutions:
#   Reduce memory load on the system
#   Increase physical memory or swap space
#   Check if swap backing store is full
#   Decrease Java heap size (-Xmx/-Xms)
#   Decrease number of Java threads
#   Decrease Java thread stack sizes (-Xss)
#   Set larger code cache with -XX:ReservedCodeCacheSize=
#   JVM is running with Unscaled Compressed Oops mode in which the Java heap is
#     placed in the first 4GB address space. The Java Heap base address is the
#     maximum limit for the native heap growth. Please use -XX:HeapBaseMinAddress
#     to set the Java Heap base and to place the Java Heap above 4GB virtual address.
# This output file may be truncated or incomplete.
#
#  Out of Memory Error (allocation.cpp:389), pid=7424, tid=0x0000000000005e88
#
# JRE version: Java(TM) SE Runtime Environment (8.0_281-b09) (build 1.8.0_281-b09)
# Java VM: Java HotSpot(TM) 64-Bit Server VM (25.281-b09 mixed mode windows-amd64 compressed oops)
# Failed to write core dump. Minidumps are not enabled by default on client versions of Windows
#

---------------  T H R E A D  ---------------

Current thread (0x000001e112d4e000):  JavaThread "C2 CompilerThread1" daemon [_thread_in_native, id=24200, stack(0x0000000d8d600000,0x0000000d8d700000)]

Stack: [0x0000000d8d600000,0x0000000d8d700000]
Native frames: (J=compiled Java code, j=interpreted, Vv=VM code, C=native code)
V  [jvm.dll+0x32e5b9]
V  [jvm.dll+0x275012]
V  [jvm.dll+0x275cbd]
V  [jvm.dll+0x26c6f5]
V  [jvm.dll+0xd51fc]
V  [jvm.dll+0xd59fc]
V  [jvm.dll+0xd554d]
V  [jvm.dll+0x4c5d1f]
V  [jvm.dll+0x49da2e]
V  [jvm.dll+0x49d693]
V  [jvm.dll+0x49d4e3]
V  [jvm.dll+0x49ec84]
V  [jvm.dll+0x49e4ef]
V  [jvm.dll+0x49e503]
V  [jvm.dll+0x49e503]
V  [jvm.dll+0x49e503]
V  [jvm.dll+0x49e4b6]
V  [jvm.dll+0x49e503]
V  [jvm.dll+0x49e503]
V  [jvm.dll+0x49e503]
V  [jvm.dll+0x49e503]
V  [jvm.dll+0x49e503]
V  [jvm.dll+0x48df75]
V  [jvm.dll+0x441d19]
V  [jvm.dll+0x43f664]
V  [jvm.dll+0x42a5e7]
V  [jvm.dll+0xabe9b]
V  [jvm.dll+0xaa4fb]
V  [jvm.dll+0x23d6b2]
V  [jvm.dll+0x291cbc]
C  [ucrtbase.dll+0x21bb2]
C  [KERNEL32.DLL+0x17034]
C  [ntdll.dll+0x52651]


Current CompileTask:
C2:   3065 1457       4       java.net.URLClassLoader$1::run (5 bytes)


---------------  P R O C E S S  ---------------

Java Threads: ( => current thread )
  0x000001e117278000 JavaThread "Cache worker for file hash cache (C:\Users\Terry\.gradle\caches\6.3\fileHashes)" [_thread_blocked, id=21300, stack(0x0000000d8e700000,0x0000000d8e800000)]
  0x000001e117276000 JavaThread "File lock request listener" [_thread_in_native, id=19848, stack(0x0000000d8e600000,0x0000000d8e700000)]
  0x000001e117279000 JavaThread "Cache worker for journal cache (C:\Users\Terry\.gradle\caches\journal-1)" [_thread_blocked, id=14740, stack(0x0000000d8e500000,0x0000000d8e600000)]
  0x000001e116f9f800 JavaThread "Thread-9" [_thread_blocked, id=24892, stack(0x0000000d8e400000,0x0000000d8e500000)]
  0x000001e116f9c000 JavaThread "Stdin handler" [_thread_blocked, id=15240, stack(0x0000000d8e300000,0x0000000d8e400000)]
  0x000001e116f3a800 JavaThread "Asynchronous log dispatcher for DefaultDaemonConnection: socket connection from /127.0.0.1:4394 to /127.0.0.1:4395" [_thread_blocked, id=19452, stack(0x0000000d8e200000,0x0000000d8e300000)]
  0x000001e116f38800 JavaThread "Daemon worker" [_thread_blocked, id=23060, stack(0x0000000d8e100000,0x0000000d8e200000)]
  0x000001e116f38000 JavaThread "Cancel handler" [_thread_blocked, id=19064, stack(0x0000000d8e000000,0x0000000d8e100000)]
  0x000001e116eed800 JavaThread "Handler for socket connection from /127.0.0.1:4394 to /127.0.0.1:4395" [_thread_in_native, id=20944, stack(0x0000000d8df00000,0x0000000d8e000000)]
  0x000001e116eed000 JavaThread "Daemon" [_thread_blocked, id=24660, stack(0x0000000d8de00000,0x0000000d8df00000)]
  0x000001e116ed1800 JavaThread "Daemon periodic checks" [_thread_blocked, id=7740, stack(0x0000000d8dd00000,0x0000000d8de00000)]
  0x000001e116f14800 JavaThread "Incoming local TCP Connector on port 4394" [_thread_in_native, id=380, stack(0x0000000d8dc00000,0x0000000d8dd00000)]
  0x000001e116e55000 JavaThread "Daemon health stats" [_thread_blocked, id=25360, stack(0x0000000d8db00000,0x0000000d8dc00000)]
  0x000001e11523f000 JavaThread "Service Thread" daemon [_thread_blocked, id=9000, stack(0x0000000d8d900000,0x0000000d8da00000)]
  0x000001e112d55000 JavaThread "C1 CompilerThread3" daemon [_thread_in_native, id=19804, stack(0x0000000d8d800000,0x0000000d8d900000)]
  0x000001e112d52000 JavaThread "C2 CompilerThread2" daemon [_thread_blocked, id=9416, stack(0x0000000d8d700000,0x0000000d8d800000)]
=>0x000001e112d4e000 JavaThread "C2 CompilerThread1" daemon [_thread_in_native, id=24200, stack(0x0000000d8d600000,0x0000000d8d700000)]
  0x000001e112d4c000 JavaThread "C2 CompilerThread0" daemon [_thread_in_vm, id=17116, stack(0x0000000d8d500000,0x0000000d8d600000)]
  0x000001e112d4b000 JavaThread "Attach Listener" daemon [_thread_blocked, id=12984, stack(0x0000000d8d400000,0x0000000d8d500000)]
  0x000001e112d4a800 JavaThread "Signal Dispatcher" daemon [_thread_blocked, id=25552, stack(0x0000000d8d300000,0x0000000d8d400000)]
  0x000001e112d1a800 JavaThread "Finalizer" daemon [_thread_blocked, id=15852, stack(0x0000000d8d200000,0x0000000d8d300000)]
  0x000001e112d13800 JavaThread "Reference Handler" daemon [_thread_blocked, id=13148, stack(0x0000000d8d100000,0x0000000d8d200000)]
  0x000001e1002a5000 JavaThread "main" [_thread_blocked, id=12436, stack(0x0000000d8c500000,0x0000000d8c600000)]

Other Threads:
  0x000001e112cec800 VMThread [stack: 0x0000000d8d000000,0x0000000d8d100000] [id=17052]
  0x000001e115259000 WatcherThread [stack: 0x0000000d8da00000,0x0000000d8db00000] [id=16964]

VM state:not at safepoint (normal execution)

VM Mutex/Monitor currently owned by a thread: None

heap address: 0x00000000e0000000, size: 512 MB, Compressed Oops mode: 32-bit
Narrow klass base: 0x0000000000000000, Narrow klass shift: 3
Compressed class space size: 1073741824 Address: 0x0000000100000000

Heap:
 PSYoungGen      total 76288K, used 23401K [0x00000000f5580000, 0x00000000faa80000, 0x0000000100000000)
  eden space 65536K, 20% used [0x00000000f5580000,0x00000000f62b0840,0x00000000f9580000)
  from space 10752K, 92% used [0x00000000fa000000,0x00000000fa9a9df0,0x00000000faa80000)
  to   space 10752K, 0% used [0x00000000f9580000,0x00000000f9580000,0x00000000fa000000)
 ParOldGen       total 175104K, used 24K [0x00000000e0000000, 0x00000000eab00000, 0x00000000f5580000)
  object space 175104K, 0% used [0x00000000e0000000,0x00000000e0006000,0x00000000eab00000)
 Metaspace       used 15807K, capacity 16170K, committed 16384K, reserved 1062912K
  class space    used 2178K, capacity 2293K, committed 2304K, reserved 1048576K

Card table byte_map: [0x000001e110fc0000,0x000001e1110d0000] byte_map_base: 0x000001e1108c0000

Marking Bits: (ParMarkBitMap*) 0x0000000059776ff0
 Begin Bits: [0x000001e111180000, 0x000001e111980000)
 End Bits:   [0x000001e111980000, 0x000001e112180000)

Polling page: 0x000001e100410000

CodeCache: size=245760Kb used=5224Kb max_used=5224Kb free=240535Kb
 bounds [0x000001e101c00000, 0x000001e102120000, 0x000001e110c00000]
 total_blobs=1880 nmethods=1488 adapters=304
 compilation: enabled

Compilation events (10 events):
Event: 3.002 Thread 0x000001e112d55000 nmethod 1462 0x000001e1021023d0 code [0x000001e102102660, 0x000001e102103840]
Event: 3.002 Thread 0x000001e112d55000 1463       3       org.gradle.internal.service.DefaultServiceRegistry::access$1000 (5 bytes)
Event: 3.002 Thread 0x000001e112d55000 nmethod 1463 0x000001e102102010 code [0x000001e102102180, 0x000001e1021022f0]
Event: 3.002 Thread 0x000001e112d55000 1464       3       org.gradle.internal.service.DefaultServiceRegistry$OwnServices$ProviderAnalyser::addProviderForClassHierarchy (16 bytes)
Event: 3.002 Thread 0x000001e112d55000 nmethod 1464 0x000001e102101b50 code [0x000001e102101cc0, 0x000001e102101f20]
Event: 3.002 Thread 0x000001e112d55000 1461       1       sun.reflect.generics.tree.SimpleClassTypeSignature::getDollar (5 bytes)
Event: 3.002 Thread 0x000001e112d55000 nmethod 1461 0x000001e102101890 code [0x000001e1021019e0, 0x000001e102101af8]
Event: 3.005 Thread 0x000001e112d55000 1465       3       java.lang.reflect.Modifier::isPrivate (12 bytes)
Event: 3.005 Thread 0x000001e112d55000 nmethod 1465 0x000001e102101510 code [0x000001e102101660, 0x000001e1021017f8]
Event: 3.015 Thread 0x000001e112d4c000 1467   !   4       java.util.concurrent.ConcurrentHashMap::transfer (832 bytes)

GC Heap History (3 events):
Event: 1.803 GC heap before
{Heap before GC invocations=1 (full 0):
 PSYoungGen      total 76288K, used 65536K [0x00000000f5580000, 0x00000000faa80000, 0x0000000100000000)
  eden space 65536K, 100% used [0x00000000f5580000,0x00000000f9580000,0x00000000f9580000)
  from space 10752K, 0% used [0x00000000fa000000,0x00000000fa000000,0x00000000faa80000)
  to   space 10752K, 0% used [0x00000000f9580000,0x00000000f9580000,0x00000000fa000000)
 ParOldGen       total 175104K, used 0K [0x00000000e0000000, 0x00000000eab00000, 0x00000000f5580000)
  object space 175104K, 0% used [0x00000000e0000000,0x00000000e0000000,0x00000000eab00000)
 Metaspace       used 7880K, capacity 8086K, committed 8320K, reserved 1056768K
  class space    used 995K, capacity 1077K, committed 1152K, reserved 1048576K
Event: 1.809 GC heap after
Heap after GC invocations=1 (full 0):
 PSYoungGen      total 76288K, used 6042K [0x00000000f5580000, 0x00000000faa80000, 0x0000000100000000)
  eden space 65536K, 0% used [0x00000000f5580000,0x00000000f5580000,0x00000000f9580000)
  from space 10752K, 56% used [0x00000000f9580000,0x00000000f9b66b88,0x00000000fa000000)
  to   space 10752K, 0% used [0x00000000fa000000,0x00000000fa000000,0x00000000faa80000)
 ParOldGen       total 175104K, used 16K [0x00000000e0000000, 0x00000000eab00000, 0x00000000f5580000)
  object space 175104K, 0% used [0x00000000e0000000,0x00000000e0004000,0x00000000eab00000)
 Metaspace       used 7880K, capacity 8086K, committed 8320K, reserved 1056768K
  class space    used 995K, capacity 1077K, committed 1152K, reserved 1048576K
}
Event: 3.019 GC heap before
{Heap before GC invocations=2 (full 0):
 PSYoungGen      total 76288K, used 71578K [0x00000000f5580000, 0x00000000faa80000, 0x0000000100000000)
  eden space 65536K, 100% used [0x00000000f5580000,0x00000000f9580000,0x00000000f9580000)
  from space 10752K, 56% used [0x00000000f9580000,0x00000000f9b66b88,0x00000000fa000000)
  to   space 10752K, 0% used [0x00000000fa000000,0x00000000fa000000,0x00000000faa80000)
 ParOldGen       total 175104K, used 16K [0x00000000e0000000, 0x00000000eab00000, 0x00000000f5580000)
  object space 175104K, 0% used [0x00000000e0000000,0x00000000e0004000,0x00000000eab00000)
 Metaspace       used 15413K, capacity 15718K, committed 15872K, reserved 1062912K
  class space    used 2089K, capacity 2227K, committed 2304K, reserved 1048576K

Deoptimization events (10 events):
Event: 1.965 Thread 0x000001e1002a5000 Uncommon trap: reason=bimorphic action=maybe_recompile pc=0x000001e101eb9be0 method=java.util.HashMap.putVal(ILjava/lang/Object;Ljava/lang/Object;ZZ)Ljava/lang/Object; @ 203
Event: 2.228 Thread 0x000001e1002a5000 Uncommon trap: reason=unstable_if action=reinterpret pc=0x000001e101f0b650 method=java.io.WinNTFileSystem.normalize(Ljava/lang/String;)Ljava/lang/String; @ 128
Event: 2.674 Thread 0x000001e116f38800 Uncommon trap: reason=bimorphic action=maybe_recompile pc=0x000001e101eb994c method=java.util.HashMap.putVal(ILjava/lang/Object;Ljava/lang/Object;ZZ)Ljava/lang/Object; @ 253
Event: 2.674 Thread 0x000001e116f38800 Uncommon trap: reason=bimorphic action=maybe_recompile pc=0x000001e101eb994c method=java.util.HashMap.putVal(ILjava/lang/Object;Ljava/lang/Object;ZZ)Ljava/lang/Object; @ 253
Event: 2.674 Thread 0x000001e116f38800 Uncommon trap: reason=bimorphic action=maybe_recompile pc=0x000001e101eb994c method=java.util.HashMap.putVal(ILjava/lang/Object;Ljava/lang/Object;ZZ)Ljava/lang/Object; @ 253
Event: 2.674 Thread 0x000001e116f38800 Uncommon trap: reason=bimorphic action=maybe_recompile pc=0x000001e101eb6658 method=java.util.HashMap.putVal(ILjava/lang/Object;Ljava/lang/Object;ZZ)Ljava/lang/Object; @ 253
Event: 2.870 Thread 0x000001e116f38800 Uncommon trap: reason=class_check action=maybe_recompile pc=0x000001e101f22774 method=java.util.regex.Matcher.match(II)Z @ 86
Event: 2.871 Thread 0x000001e116f38800 Uncommon trap: reason=class_check action=maybe_recompile pc=0x000001e101f22774 method=java.util.regex.Matcher.match(II)Z @ 86
Event: 2.871 Thread 0x000001e116f38800 Uncommon trap: reason=class_check action=maybe_recompile pc=0x000001e101f22774 method=java.util.regex.Matcher.match(II)Z @ 86
Event: 2.871 Thread 0x000001e116f38800 Uncommon trap: reason=class_check action=maybe_recompile pc=0x000001e101dcb1f0 method=java.util.regex.Matcher.match(II)Z @ 86

Classes redefined (0 events):
No events

Internal exceptions (10 events):
Event: 0.783 Thread 0x000001e1002a5000 Exception <a 'java/lang/ArrayIndexOutOfBoundsException'> (0x00000000f67a6be8) thrown at [C:\jenkins\workspace\8-2-build-windows-amd64-cygwin\jdk8u281\880\hotspot\src\share\vm\runtime\sharedRuntime.cpp, line 609]
Event: 0.808 Thread 0x000001e1002a5000 Exception <a 'java/lang/ArrayIndexOutOfBoundsException'> (0x00000000f6a6c7a0) thrown at [C:\jenkins\workspace\8-2-build-windows-amd64-cygwin\jdk8u281\880\hotspot\src\share\vm\runtime\sharedRuntime.cpp, line 609]
Event: 0.809 Thread 0x000001e1002a5000 Exception <a 'java/lang/ArrayIndexOutOfBoundsException'> (0x00000000f6a8d630) thrown at [C:\jenkins\workspace\8-2-build-windows-amd64-cygwin\jdk8u281\880\hotspot\src\share\vm\runtime\sharedRuntime.cpp, line 609]
Event: 0.809 Thread 0x000001e1002a5000 Exception <a 'java/lang/ArrayIndexOutOfBoundsException'> (0x00000000f6a97758) thrown at [C:\jenkins\workspace\8-2-build-windows-amd64-cygwin\jdk8u281\880\hotspot\src\share\vm\runtime\sharedRuntime.cpp, line 609]
Event: 0.809 Thread 0x000001e1002a5000 Exception <a 'java/lang/ArrayIndexOutOfBoundsException'> (0x00000000f6a99968) thrown at [C:\jenkins\workspace\8-2-build-windows-amd64-cygwin\jdk8u281\880\hotspot\src\share\vm\runtime\sharedRuntime.cpp, line 609]
Event: 0.810 Thread 0x000001e1002a5000 Exception <a 'java/lang/ArrayIndexOutOfBoundsException'> (0x00000000f6aa43c0) thrown at [C:\jenkins\workspace\8-2-build-windows-amd64-cygwin\jdk8u281\880\hotspot\src\share\vm\runtime\sharedRuntime.cpp, line 609]
Event: 0.810 Thread 0x000001e1002a5000 Exception <a 'java/lang/ArrayIndexOutOfBoundsException'> (0x00000000f6ab14f0) thrown at [C:\jenkins\workspace\8-2-build-windows-amd64-cygwin\jdk8u281\880\hotspot\src\share\vm\runtime\sharedRuntime.cpp, line 609]
Event: 0.810 Thread 0x000001e1002a5000 Exception <a 'java/lang/ArrayIndexOutOfBoundsException'> (0x00000000f6ab44b0) thrown at [C:\jenkins\workspace\8-2-build-windows-amd64-cygwin\jdk8u281\880\hotspot\src\share\vm\runtime\sharedRuntime.cpp, line 609]
Event: 0.811 Thread 0x000001e1002a5000 Exception <a 'java/lang/ArrayIndexOutOfBoundsException'> (0x00000000f6ac1080) thrown at [C:\jenkins\workspace\8-2-build-windows-amd64-cygwin\jdk8u281\880\hotspot\src\share\vm\runtime\sharedRuntime.cpp, line 609]
Event: 2.616 Thread 0x000001e1002a5000 Exception <a 'java/io/IOException'> (0x00000000f6f6c668) thrown at [C:\jenkins\workspace\8-2-build-windows-amd64-cygwin\jdk8u281\880\hotspot\src\share\vm\prims\jni.cpp, line 710]

Events (10 events):
Event: 3.017 loading class org/gradle/api/internal/artifacts/ivyservice/modulecache/artifacts/AbstractArtifactsCache done
Event: 3.018 loading class org/gradle/api/internal/artifacts/ivyservice/modulecache/artifacts/ModuleArtifactsCache
Event: 3.018 loading class org/gradle/api/internal/artifacts/ivyservice/modulecache/artifacts/ModuleArtifactsCache done
Event: 3.018 loading class org/gradle/api/internal/artifacts/ivyservice/modulecache/artifacts/TwoStageArtifactsCache
Event: 3.018 loading class org/gradle/api/internal/artifacts/ivyservice/modulecache/artifacts/TwoStageArtifactsCache done
Event: 3.018 loading class org/gradle/api/internal/artifacts/ivyservice/modulecache/dynamicversions/AbstractModuleVersionsCache
Event: 3.018 loading class org/gradle/api/internal/artifacts/ivyservice/modulecache/dynamicversions/AbstractModuleVersionsCache done
Event: 3.019 loading class org/gradle/api/internal/artifacts/ivyservice/modulecache/dynamicversions/ModuleVersionsCache
Event: 3.019 loading class org/gradle/api/internal/artifacts/ivyservice/modulecache/dynamicversions/ModuleVersionsCache done
Event: 3.019 Executing VM operation: ParallelGCFailedAllocation


Dynamic libraries:
0x00007ff79c350000 - 0x00007ff79c397000 	C:\Program Files\Java\jdk1.8.0_281\bin\java.exe
0x00007ffa9b3d0000 - 0x00007ffa9b5c5000 	C:\WINDOWS\SYSTEM32\ntdll.dll
0x00007ffa9aa70000 - 0x00007ffa9ab2d000 	C:\WINDOWS\System32\KERNEL32.DLL
0x00007ffa98bc0000 - 0x00007ffa98e89000 	C:\WINDOWS\System32\KERNELBASE.dll
0x00007ffa9a210000 - 0x00007ffa9a2bc000 	C:\WINDOWS\System32\ADVAPI32.dll
0x00007ffa9ac40000 - 0x00007ffa9acde000 	C:\WINDOWS\System32\msvcrt.dll
0x00007ffa998c0000 - 0x00007ffa9995c000 	C:\WINDOWS\System32\sechost.dll
0x00007ffa9a940000 - 0x00007ffa9aa6b000 	C:\WINDOWS\System32\RPCRT4.dll
0x00007ffa9afe0000 - 0x00007ffa9b180000 	C:\WINDOWS\System32\USER32.dll
0x00007ffa99080000 - 0x00007ffa990a2000 	C:\WINDOWS\System32\win32u.dll
0x00007ffa9afb0000 - 0x00007ffa9afda000 	C:\WINDOWS\System32\GDI32.dll
0x00007ffa99210000 - 0x00007ffa9931b000 	C:\WINDOWS\System32\gdi32full.dll
0x00007ffa98e90000 - 0x00007ffa98f2d000 	C:\WINDOWS\System32\msvcp_win.dll
0x00007ffa98f30000 - 0x00007ffa99030000 	C:\WINDOWS\System32\ucrtbase.dll
0x00007ffa8c7f0000 - 0x00007ffa8ca8a000 	C:\WINDOWS\WinSxS\amd64_microsoft.windows.common-controls_6595b64144ccf1df_6.0.19041.844_none_ca00b6081b84eb1d\COMCTL32.dll
0x00007ffa99a90000 - 0x00007ffa99ac0000 	C:\WINDOWS\System32\IMM32.DLL
0x00007ffa6c3d0000 - 0x00007ffa6c3e5000 	C:\Program Files\Java\jdk1.8.0_281\jre\bin\vcruntime140.dll
0x00007ffa5ed50000 - 0x00007ffa5edeb000 	C:\Program Files\Java\jdk1.8.0_281\jre\bin\msvcp140.dll
0x0000000058f90000 - 0x00000000597ef000 	C:\Program Files\Java\jdk1.8.0_281\jre\bin\server\jvm.dll
0x00007ffa9ace0000 - 0x00007ffa9ace8000 	C:\WINDOWS\System32\PSAPI.DLL
0x00007ffa92620000 - 0x00007ffa9262a000 	C:\WINDOWS\SYSTEM32\VERSION.dll
0x00007ffa8f950000 - 0x00007ffa8f977000 	C:\WINDOWS\SYSTEM32\WINMM.dll
0x00007ffa47660000 - 0x00007ffa47669000 	C:\WINDOWS\SYSTEM32\WSOCK32.dll
0x00007ffa9ab40000 - 0x00007ffa9abab000 	C:\WINDOWS\System32\WS2_32.dll
0x00007ffa96a50000 - 0x00007ffa96a62000 	C:\WINDOWS\SYSTEM32\kernel.appcore.dll
0x00007ffa6c3c0000 - 0x00007ffa6c3d0000 	C:\Program Files\Java\jdk1.8.0_281\jre\bin\verify.dll
0x00007ffa6a010000 - 0x00007ffa6a03b000 	C:\Program Files\Java\jdk1.8.0_281\jre\bin\java.dll
0x00007ffa6b4f0000 - 0x00007ffa6b508000 	C:\Program Files\Java\jdk1.8.0_281\jre\bin\zip.dll
0x00007ffa99ac0000 - 0x00007ffa9a202000 	C:\WINDOWS\System32\SHELL32.dll
0x00007ffa96c50000 - 0x00007ffa973e0000 	C:\WINDOWS\SYSTEM32\windows.storage.dll
0x00007ffa99430000 - 0x00007ffa99785000 	C:\WINDOWS\System32\combase.dll
0x00007ffa984b0000 - 0x00007ffa984dc000 	C:\WINDOWS\SYSTEM32\Wldp.dll
0x00007ffa9ad50000 - 0x00007ffa9adfe000 	C:\WINDOWS\System32\SHCORE.dll
0x00007ffa9acf0000 - 0x00007ffa9ad45000 	C:\WINDOWS\System32\shlwapi.dll
0x00007ffa98a50000 - 0x00007ffa98a6f000 	C:\WINDOWS\SYSTEM32\profapi.dll
0x00007ffa69ff0000 - 0x00007ffa6a00c000 	C:\Program Files\Java\jdk1.8.0_281\jre\bin\net.dll
0x00007ffa982a0000 - 0x00007ffa9830a000 	C:\WINDOWS\system32\mswsock.dll
0x00007ffa69fd0000 - 0x00007ffa69fe3000 	C:\Program Files\Java\jdk1.8.0_281\jre\bin\nio.dll
0x00007ffa631d0000 - 0x00007ffa631f7000 	C:\Users\Terry\.gradle\native\c976cfcca226fdd4bee4412e95191dd41148b7504f9625baeda1d523bc39a967\windows-amd64\native-platform.dll
0x00007ffa6b560000 - 0x00007ffa6b56d000 	C:\Program Files\Java\jdk1.8.0_281\jre\bin\management.dll
0x00007ffa987e0000 - 0x00007ffa987f8000 	C:\WINDOWS\SYSTEM32\CRYPTSP.dll
0x00007ffa97bf0000 - 0x00007ffa97c24000 	C:\WINDOWS\system32\rsaenh.dll
0x00007ffa98b90000 - 0x00007ffa98bb7000 	C:\WINDOWS\System32\bcrypt.dll
0x00007ffa98a10000 - 0x00007ffa98a3e000 	C:\WINDOWS\SYSTEM32\USERENV.dll
0x00007ffa98b10000 - 0x00007ffa98b90000 	C:\WINDOWS\System32\bcryptprimitives.dll
0x00007ffa98420000 - 0x00007ffa9842c000 	C:\WINDOWS\SYSTEM32\CRYPTBASE.dll
0x00007ffa97f60000 - 0x00007ffa97f9b000 	C:\WINDOWS\SYSTEM32\IPHLPAPI.DLL
0x00007ffa998b0000 - 0x00007ffa998b8000 	C:\WINDOWS\System32\NSI.dll
0x00007ffa922f0000 - 0x00007ffa92307000 	C:\WINDOWS\SYSTEM32\dhcpcsvc6.DLL
0x00007ffa92c50000 - 0x00007ffa92c6d000 	C:\WINDOWS\SYSTEM32\dhcpcsvc.DLL
0x00007ffa97fb0000 - 0x00007ffa9807b000 	C:\WINDOWS\SYSTEM32\DNSAPI.dll
0x00007ffa81c80000 - 0x00007ffa81e64000 	C:\WINDOWS\SYSTEM32\dbghelp.dll

VM Arguments:
jvm_args: -XX:MaxMetaspaceSize=256m -XX:+HeapDumpOnOutOfMemoryError -Xms256m -Xmx512m -Dfile.encoding=windows-1252 -Duser.country=IE -Duser.language=en -Duser.variant 
java_command: org.gradle.launcher.daemon.bootstrap.GradleDaemon 6.3
java_class_path (initial): C:\Users\Terry\.gradle\wrapper\dists\gradle-6.3-all\b4awcolw9l59x95tu1obfh9i8\gradle-6.3\lib\gradle-launcher-6.3.jar
Launcher Type: SUN_STANDARD

Environment Variables:
JAVA_HOME=C:\Program Files\Java\jdk1.8.0_281
CLASSPATH=J:\dev\Aerometric\android\\gradle\wrapper\gradle-wrapper.jar
PATH=J:\dev\Aerometric\android\node_modules\.bin;J:\dev\Aerometric\node_modules\.bin;J:\dev\node_modules\.bin;J:\node_modules\.bin;C:\Program Files\nodejs;J:\dev\Aerometric\node_modules\.bin;C:\Program Files\Common Files\Oracle\Java\javapath;C:\Python27\;C:\Python27\Scripts;C:\Program Files (x86)\Razer Chroma SDK\bin;C:\Program Files\Razer Chroma SDK\bin;C:\Program Files (x86)\Common Files\Oracle\Java\javapath;C:\Windows\system32;C:\Windows;C:\Windows\System32\Wbem;C:\Windows\System32\WindowsPowerShell\v1.0\;C:\Windows\System32\OpenSSH\;C:\Users\Terry\AppData\Local\Microsoft\WindowsApps;C:\Program Files\NVIDIA Corporation\NVIDIA NvDLISR;C:\WINDOWS\system32;C:\WINDOWS;C:\WINDOWS\System32\Wbem;C:\WINDOWS\System32\WindowsPowerShell\v1.0\;C:\WINDOWS\System32\OpenSSH\;C:\Program Files\SourceGear\Common\DiffMerge\;C:\Program Files\dotnet\;C:\Program Files (x86)\NVIDIA Corporation\PhysX\Common;C:\WINDOWS\system32;C:\WINDOWS;C:\WINDOWS\System32\Wbem;C:\WINDOWS\System32\WindowsPowerShell\v1.0\;C:\WINDOWS\System32\OpenSSH\;C:\ProgramData\chocolatey\bin;C:\Program Files\nodejs\;C:\Program Files\OpenJDK\openjdk-8u262-b10\bin;C:\Program Files\Java\jdk-15.0.1\bin;C:\Program Files (x86)\Gpg4win\..\GnuPG\bin;C:\Program Files\Git\bin\;C:\Program Files\Git\cmd;C:\Users\Terry\AppData\Local\Microsoft\WindowsApps;C:\Users\Terry\AppData\Local\GitHubDesktop\bin;C:\Users\Terry\AppData\Local\Programs\Microsoft VS Code\bin;C:\xampp\php;C:\Dev\flutter\bin;C:\Users\Terry\AppData\Local\Android\Sdk\platform-tools;C:\Users\Terry\AppData\Local\Microsoft\WindowsApps;C:\Users\Terry\AppData\Roaming\npm;C:\Users\Terry\AppData\Local\atom\bin;C:\Dev\apache-maven-3.6.3\bin;
USERNAME=Terry
OS=Windows_NT
PROCESSOR_IDENTIFIER=AMD64 Family 23 Model 113 Stepping 0, AuthenticAMD



---------------  S Y S T E M  ---------------

OS: Windows 10.0 , 64 bit Build 19041 (10.0.19041.804)

CPU:total 12 (initial active 12) (12 cores per cpu, 1 threads per core) family 23 model 113 stepping 0, cmov, cx8, fxsr, mmx, sse, sse2, sse3, ssse3, sse4.1, sse4.2, popcnt, avx, avx2, aes, clmul, mmxext, 3dnowpref, lzcnt, sse4a, tsc, tscinvbit, tscinv, bmi1

Memory: 4k page, physical 16706992k(2741724k free), swap 45872448k(456k free)

vm_info: Java HotSpot(TM) 64-Bit Server VM (25.281-b09) for windows-amd64 JRE (1.8.0_281-b09), built on Dec  9 2020 13:54:07 by "" with MS VC++ 15.9 (VS2017)

time: Mon Mar 15 21:04:38 2021
timezone: GMT Standard Time
elapsed time: 3.200835 seconds (0d 0h 0m 3s)

